#
# There is insufficient memory for the Java Runtime Environment to continue.
# Native memory allocation (mmap) failed to map 32505856 bytes for Failed to commit area from 0x00000000a9a00000 to 0x00000000ab900000 of length 32505856.
# Possible reasons:
#   The system is out of physical RAM or swap space
#   The process is running with CompressedOops enabled, and the Java Heap may be blocking the growth of the native heap
# Possible solutions:
#   Reduce memory load on the system
#   Increase physical memory or swap space
#   Check if swap backing store is full
#   Decrease Java heap size (-Xmx/-Xms)
#   Decrease number of Java threads
#   Decrease Java thread stack sizes (-Xss)
#   Set larger code cache with -XX:ReservedCodeCacheSize=
#   JVM is running with Unscaled Compressed Oops mode in which the Java heap is
#     placed in the first 4GB address space. The Java Heap base address is the
#     maximum limit for the native heap growth. Please use -XX:HeapBaseMinAddress
#     to set the Java Heap base and to place the Java Heap above 4GB virtual address.
# This output file may be truncated or incomplete.
#
#  Out of Memory Error (./src/hotspot/os/windows/os_windows.cpp:3521), pid=1432, tid=4340
#
# JRE version: OpenJDK Runtime Environment (11.0.12+7) (build 11.0.12+7-b1504.28-7817840)
# Java VM: OpenJDK 64-Bit Server VM (11.0.12+7-b1504.28-7817840, mixed mode, tiered, compressed oops, g1 gc, windows-amd64)
# No core dump will be written. Minidumps are not enabled by default on client versions of Windows
#

---------------  S U M M A R Y ------------

Command Line: --add-opens=java.base/java.util=ALL-UNNAMED --add-opens=java.base/java.lang=ALL-UNNAMED --add-opens=java.base/java.lang.invoke=ALL-UNNAMED --add-opens=java.base/java.util=ALL-UNNAMED --add-opens=java.prefs/java.util.prefs=ALL-UNNAMED --add-opens=java.prefs/java.util.prefs=ALL-UNNAMED --add-opens=java.base/java.nio.charset=ALL-UNNAMED --add-opens=java.base/java.net=ALL-UNNAMED --add-opens=java.base/java.util.concurrent.atomic=ALL-UNNAMED -Xmx1536m -Dfile.encoding=windows-1252 -Duser.country=IN -Duser.language=en -Duser.variant org.gradle.launcher.daemon.bootstrap.GradleDaemon 7.3.3

Host: Intel(R) Core(TM) i5-8300H CPU @ 2.30GHz, 8 cores, 7G,  Windows 10 , 64 bit Build 22621 (10.0.22621.598)
Time: Wed Sep 21 23:46:02 2022 India Standard Time elapsed time: 6.976360 seconds (0d 0h 0m 6s)

---------------  T H R E A D  ---------------

Current thread (0x000001f3ffd87800):  VMThread "VM Thread" [stack: 0x000000ba48d00000,0x000000ba48e00000] [id=4340]

Stack: [0x000000ba48d00000,0x000000ba48e00000]
[error occurred during error reporting (printing stack bounds), id 0xc0000005, EXCEPTION_ACCESS_VIOLATION (0xc0000005) at pc=0x000001f38000112d]

Native frames: (J=compiled Java code, j=interpreted, Vv=VM code, C=native code)
V  [jvm.dll+0x5fbcea]
V  [jvm.dll+0x731905]
V  [jvm.dll+0x732f1d]
V  [jvm.dll+0x733535]
V  [jvm.dll+0x7334eb]
V  [jvm.dll+0x5fb080]
V  [jvm.dll+0x5fb818]
C  [ntdll.dll+0xa3e1f]
C  [ntdll.dll+0x1eae6]
C  [ntdll.dll+0xa2e0e]
C  0x000001f38000112d

VM_Operation (0x000000ba4a1f2820): G1CollectForAllocation, mode: safepoint, requested by thread 0x000001f390e16000


---------------  P R O C E S S  ---------------

Threads class SMR info:
_java_thread_list=0x000001f397de6f80, length=124, elements={
0x000001f3f3aee000, 0x000001f3ffdad000, 0x000001f3ffdae800, 0x000001f38f844800,
0x000001f38f845800, 0x000001f38f846800, 0x000001f38f84b000, 0x000001f38f84c800,
0x000001f38f851000, 0x000001f38f9ac800, 0x000001f391c72000, 0x000001f39119a000,
0x000001f39200e800, 0x000001f391bf7800, 0x000001f38fa8f800, 0x000001f390abe000,
0x000001f391d5e800, 0x000001f390e16000, 0x000001f3912e4800, 0x000001f39259e800,
0x000001f391a64000, 0x000001f391a66800, 0x000001f391a67000, 0x000001f391a64800,
0x000001f391a65800, 0x000001f3933d1800, 0x000001f391a61800, 0x000001f391a68000,
0x000001f391a62800, 0x000001f391a63000, 0x000001f3921a9000, 0x000001f3921ab800,
0x000001f3921aa800, 0x000001f3921ae000, 0x000001f3921af800, 0x000001f3921aa000,
0x000001f3921b5000, 0x000001f3921b2000, 0x000001f3921b6000, 0x000001f3921b3800,
0x000001f3921b0800, 0x000001f3921b7000, 0x000001f3921b3000, 0x000001f3921b1000,
0x000001f3921b7800, 0x000001f3921b4800, 0x000001f3935e5800, 0x000001f3935e7800,
0x000001f3935e8000, 0x000001f3935e9000, 0x000001f3935e3000, 0x000001f3935e5000,
0x000001f3935e6800, 0x000001f3935e9800, 0x000001f3935e4000, 0x000001f3935ee000,
0x000001f3935ec000, 0x000001f3935ef800, 0x000001f3935eb800, 0x000001f3935ea800,
0x000001f3935f2000, 0x000001f3935ed000, 0x000001f3935ee800, 0x000001f3935f0800,
0x000001f3935f1000, 0x000001f3963a1800, 0x000001f3963a6000, 0x000001f3963a5800,
0x000001f3963a2000, 0x000001f3963a8000, 0x000001f3963a7000, 0x000001f3963a3000,
0x000001f3963a8800, 0x000001f3963a9800, 0x000001f3963a3800, 0x000001f3963aa800,
0x000001f3963a4800, 0x000001f3963ae800, 0x000001f3963b0000, 0x000001f3963ad800,
0x000001f3963af000, 0x000001f3963ab000, 0x000001f3963ac000, 0x000001f3963ac800,
0x000001f394f62000, 0x000001f394f5f000, 0x000001f394f5f800, 0x000001f394f61800,
0x000001f394f63000, 0x000001f394f5d800, 0x000001f394f64000, 0x000001f394f5e000,
0x000001f394f64800, 0x000001f394f65800, 0x000001f394f66800, 0x000001f394f60800,
0x000001f394f6c000, 0x000001f394f68000, 0x000001f394f67000, 0x000001f394f68800,
0x000001f394f6b000, 0x000001f394f69800, 0x000001f394f6a800, 0x000001f393700000,
0x000001f393703000, 0x000001f393702800, 0x000001f393705000, 0x000001f3936ff000,
0x000001f393706800, 0x000001f393704000, 0x000001f393705800, 0x000001f393700800,
0x000001f393707800, 0x000001f393701800, 0x000001f393708000, 0x000001f39370d000,
0x000001f393709000, 0x000001f393709800, 0x000001f39370c000, 0x000001f39370a800,
0x000001f39370b800, 0x000001f39370e000, 0x000001f395bbb000, 0x000001f395bbd800
}

Java Threads: ( => current thread )
  0x000001f3f3aee000 JavaThread "main" [_thread_blocked, id=12012, stack(0x000000ba48700000,0x000000ba48800000)]
  0x000001f3ffdad000 JavaThread "Reference Handler" daemon [_thread_blocked, id=7228, stack(0x000000ba48e00000,0x000000ba48f00000)]
  0x000001f3ffdae800 JavaThread "Finalizer" daemon [_thread_blocked, id=12968, stack(0x000000ba48f00000,0x000000ba49000000)]
  0x000001f38f844800 JavaThread "Signal Dispatcher" daemon [_thread_blocked, id=1216, stack(0x000000ba49000000,0x000000ba49100000)]
  0x000001f38f845800 JavaThread "Attach Listener" daemon [_thread_blocked, id=6168, stack(0x000000ba49100000,0x000000ba49200000)]
  0x000001f38f846800 JavaThread "Service Thread" daemon [_thread_blocked, id=3304, stack(0x000000ba49200000,0x000000ba49300000)]
  0x000001f38f84b000 JavaThread "C2 CompilerThread0" daemon [_thread_in_native, id=3012, stack(0x000000ba49300000,0x000000ba49400000)]
  0x000001f38f84c800 JavaThread "C1 CompilerThread0" daemon [_thread_blocked, id=12676, stack(0x000000ba49400000,0x000000ba49500000)]
  0x000001f38f851000 JavaThread "Sweeper thread" daemon [_thread_blocked, id=8692, stack(0x000000ba49500000,0x000000ba49600000)]
  0x000001f38f9ac800 JavaThread "Common-Cleaner" daemon [_thread_blocked, id=12808, stack(0x000000ba49600000,0x000000ba49700000)]
  0x000001f391c72000 JavaThread "Daemon health stats" [_thread_blocked, id=12640, stack(0x000000ba49c00000,0x000000ba49d00000)]
  0x000001f39119a000 JavaThread "Incoming local TCP Connector on port 51570" [_thread_in_native, id=1764, stack(0x000000ba49800000,0x000000ba49900000)]
  0x000001f39200e800 JavaThread "Daemon periodic checks" [_thread_blocked, id=12644, stack(0x000000ba49b00000,0x000000ba49c00000)]
  0x000001f391bf7800 JavaThread "Daemon" [_thread_blocked, id=12732, stack(0x000000ba49d00000,0x000000ba49e00000)]
  0x000001f38fa8f800 JavaThread "Handler for socket connection from /127.0.0.1:51570 to /127.0.0.1:51571" [_thread_in_native, id=6392, stack(0x000000ba49e00000,0x000000ba49f00000)]
  0x000001f390abe000 JavaThread "Cancel handler" [_thread_blocked, id=12728, stack(0x000000ba49f00000,0x000000ba4a000000)]
  0x000001f391d5e800 JavaThread "C2 CompilerThread1" daemon [_thread_in_native, id=12692, stack(0x000000ba4a000000,0x000000ba4a100000)]
  0x000001f390e16000 JavaThread "Daemon worker" [_thread_blocked, id=12724, stack(0x000000ba4a100000,0x000000ba4a200000)]
  0x000001f3912e4800 JavaThread "Asynchronous log dispatcher for DefaultDaemonConnection: socket connection from /127.0.0.1:51570 to /127.0.0.1:51571" [_thread_blocked, id=4496, stack(0x000000ba4a200000,0x000000ba4a300000)]
  0x000001f39259e800 JavaThread "Stdin handler" [_thread_blocked, id=12964, stack(0x000000ba4a300000,0x000000ba4a400000)]
  0x000001f391a64000 JavaThread "Daemon client event forwarder" [_thread_blocked, id=12348, stack(0x000000ba4a400000,0x000000ba4a500000)]
  0x000001f391a66800 JavaThread "Cache worker for journal cache (C:\Users\lenovo\.gradle\caches\journal-1)" [_thread_blocked, id=2988, stack(0x000000ba4aa00000,0x000000ba4ab00000)]
  0x000001f391a67000 JavaThread "File lock request listener" [_thread_in_native, id=3772, stack(0x000000ba4ab00000,0x000000ba4ac00000)]
  0x000001f391a64800 JavaThread "Cache worker for file hash cache (C:\Users\lenovo\.gradle\caches\7.3.3\fileHashes)" [_thread_blocked, id=12096, stack(0x000000ba4ac00000,0x000000ba4ad00000)]
  0x000001f391a65800 JavaThread "Cache worker for file hash cache (C:\Users\lenovo\AndroidStudioProjects\Intenship Project Using Kotlin\.gradle\7.3.3\fileHashes)" [_thread_blocked, id=7708, stack(0x000000ba4ae00000,0x000000ba4af00000)]
  0x000001f3933d1800 JavaThread "C2 CompilerThread2" daemon [_thread_blocked, id=2896, stack(0x000000ba4af00000,0x000000ba4b000000)]
  0x000001f391a61800 JavaThread "File watcher server" daemon [_thread_in_native, id=9292, stack(0x000000ba4b000000,0x000000ba4b100000)]
  0x000001f391a68000 JavaThread "File watcher consumer" daemon [_thread_blocked, id=11336, stack(0x000000ba4b100000,0x000000ba4b200000)]
  0x000001f391a62800 JavaThread "Cache worker for checksums cache (C:\Users\lenovo\AndroidStudioProjects\Intenship Project Using Kotlin\.gradle\7.3.3\checksums)" [_thread_blocked, id=4892, stack(0x000000ba4b200000,0x000000ba4b300000)]
  0x000001f391a63000 JavaThread "Cache worker for cache directory md-supplier (C:\Users\lenovo\.gradle\caches\7.3.3\md-supplier)" [_thread_blocked, id=9276, stack(0x000000ba4b300000,0x000000ba4b400000)]
  0x000001f3921a9000 JavaThread "Cache worker for cache directory md-rule (C:\Users\lenovo\.gradle\caches\7.3.3\md-rule)" [_thread_blocked, id=7144, stack(0x000000ba4b400000,0x000000ba4b500000)]
  0x000001f3921ab800 JavaThread "Cache worker for execution history cache (C:\Users\lenovo\.gradle\caches\7.3.3\executionHistory)" [_thread_blocked, id=12656, stack(0x000000ba4b500000,0x000000ba4b600000)]
  0x000001f3921aa800 JavaThread "jar transforms" [_thread_blocked, id=5480, stack(0x000000ba4b600000,0x000000ba4b700000)]
  0x000001f3921ae000 JavaThread "jar transforms Thread 2" [_thread_blocked, id=2804, stack(0x000000ba4b700000,0x000000ba4b800000)]
  0x000001f3921af800 JavaThread "Cache worker for file content cache (C:\Users\lenovo\.gradle\caches\7.3.3\fileContent)" [_thread_blocked, id=10420, stack(0x000000ba4b800000,0x000000ba4b900000)]
  0x000001f3921aa000 JavaThread "Cache worker for dependencies-accessors (C:\Users\lenovo\AndroidStudioProjects\Intenship Project Using Kotlin\.gradle\7.3.3\dependencies-accessors)" [_thread_blocked, id=13292, stack(0x000000ba4b900000,0x000000ba4ba00000)]
  0x000001f3921b5000 JavaThread "jar transforms Thread 3" [_thread_blocked, id=11004, stack(0x000000ba4ba00000,0x000000ba4bb00000)]
  0x000001f3921b2000 JavaThread "Cache worker for Build Output Cleanup Cache (C:\Users\lenovo\AndroidStudioProjects\Intenship Project Using Kotlin\.gradle\buildOutputCleanup)" [_thread_blocked, id=5416, stack(0x000000ba4bb00000,0x000000ba4bc00000)]
  0x000001f3921b6000 JavaThread "Unconstrained build operations" [_thread_blocked, id=12272, stack(0x000000ba4bc00000,0x000000ba4bd00000)]
  0x000001f3921b3800 JavaThread "Unconstrained build operations Thread 2" [_thread_blocked, id=4708, stack(0x000000ba4bd00000,0x000000ba4be00000)]
  0x000001f3921b0800 JavaThread "Unconstrained build operations Thread 3" [_thread_blocked, id=9988, stack(0x000000ba4be00000,0x000000ba4bf00000)]
  0x000001f3921b7000 JavaThread "Unconstrained build operations Thread 4" [_thread_blocked, id=3556, stack(0x000000ba4bf00000,0x000000ba4c000000)]
  0x000001f3921b3000 JavaThread "Unconstrained build operations Thread 5" [_thread_blocked, id=1600, stack(0x000000ba4c000000,0x000000ba4c100000)]
  0x000001f3921b1000 JavaThread "Unconstrained build operations Thread 6" [_thread_blocked, id=10056, stack(0x000000ba4c100000,0x000000ba4c200000)]
  0x000001f3921b7800 JavaThread "Unconstrained build operations Thread 7" [_thread_blocked, id=1800, stack(0x000000ba4c200000,0x000000ba4c300000)]
  0x000001f3921b4800 JavaThread "Unconstrained build operations Thread 8" [_thread_blocked, id=3216, stack(0x000000ba4c300000,0x000000ba4c400000)]
  0x000001f3935e5800 JavaThread "Unconstrained build operations Thread 9" [_thread_blocked, id=8420, stack(0x000000ba4c400000,0x000000ba4c500000)]
  0x000001f3935e7800 JavaThread "Unconstrained build operations Thread 10" [_thread_blocked, id=12280, stack(0x000000ba4c500000,0x000000ba4c600000)]
  0x000001f3935e8000 JavaThread "Unconstrained build operations Thread 11" [_thread_blocked, id=12600, stack(0x000000ba4c600000,0x000000ba4c700000)]
  0x000001f3935e9000 JavaThread "Unconstrained build operations Thread 12" [_thread_blocked, id=7956, stack(0x000000ba4c700000,0x000000ba4c800000)]
  0x000001f3935e3000 JavaThread "Unconstrained build operations Thread 13" [_thread_blocked, id=10200, stack(0x000000ba4c800000,0x000000ba4c900000)]
  0x000001f3935e5000 JavaThread "Unconstrained build operations Thread 14" [_thread_blocked, id=13168, stack(0x000000ba4c900000,0x000000ba4ca00000)]
  0x000001f3935e6800 JavaThread "Unconstrained build operations Thread 15" [_thread_blocked, id=112, stack(0x000000ba4ca00000,0x000000ba4cb00000)]
  0x000001f3935e9800 JavaThread "Unconstrained build operations Thread 16" [_thread_blocked, id=9696, stack(0x000000ba4cb00000,0x000000ba4cc00000)]
  0x000001f3935e4000 JavaThread "Unconstrained build operations Thread 17" [_thread_blocked, id=2696, stack(0x000000ba4cc00000,0x000000ba4cd00000)]
  0x000001f3935ee000 JavaThread "Unconstrained build operations Thread 18" [_thread_blocked, id=12896, stack(0x000000ba4cd00000,0x000000ba4ce00000)]
  0x000001f3935ec000 JavaThread "Unconstrained build operations Thread 19" [_thread_blocked, id=6040, stack(0x000000ba4ce00000,0x000000ba4cf00000)]
  0x000001f3935ef800 JavaThread "Unconstrained build operations Thread 20" [_thread_blocked, id=12928, stack(0x000000ba4cf00000,0x000000ba4d000000)]
  0x000001f3935eb800 JavaThread "Unconstrained build operations Thread 21" [_thread_blocked, id=10020, stack(0x000000ba4d000000,0x000000ba4d100000)]
  0x000001f3935ea800 JavaThread "Unconstrained build operations Thread 22" [_thread_blocked, id=3228, stack(0x000000ba4d100000,0x000000ba4d200000)]
  0x000001f3935f2000 JavaThread "Unconstrained build operations Thread 23" [_thread_blocked, id=6992, stack(0x000000ba4d200000,0x000000ba4d300000)]
  0x000001f3935ed000 JavaThread "Unconstrained build operations Thread 24" [_thread_blocked, id=11536, stack(0x000000ba4d300000,0x000000ba4d400000)]
  0x000001f3935ee800 JavaThread "Unconstrained build operations Thread 25" [_thread_blocked, id=12376, stack(0x000000ba4d400000,0x000000ba4d500000)]
  0x000001f3935f0800 JavaThread "Unconstrained build operations Thread 26" [_thread_blocked, id=6528, stack(0x000000ba4d500000,0x000000ba4d600000)]
  0x000001f3935f1000 JavaThread "Unconstrained build operations Thread 27" [_thread_blocked, id=7000, stack(0x000000ba4d600000,0x000000ba4d700000)]
  0x000001f3963a1800 JavaThread "Unconstrained build operations Thread 28" [_thread_blocked, id=8676, stack(0x000000ba4d700000,0x000000ba4d800000)]
  0x000001f3963a6000 JavaThread "Unconstrained build operations Thread 29" [_thread_blocked, id=11692, stack(0x000000ba4d800000,0x000000ba4d900000)]
  0x000001f3963a5800 JavaThread "Unconstrained build operations Thread 30" [_thread_blocked, id=12404, stack(0x000000ba4d900000,0x000000ba4da00000)]
  0x000001f3963a2000 JavaThread "Unconstrained build operations Thread 31" [_thread_blocked, id=3128, stack(0x000000ba4da00000,0x000000ba4db00000)]
  0x000001f3963a8000 JavaThread "Unconstrained build operations Thread 32" [_thread_blocked, id=12988, stack(0x000000ba4db00000,0x000000ba4dc00000)]
  0x000001f3963a7000 JavaThread "Unconstrained build operations Thread 33" [_thread_blocked, id=10620, stack(0x000000ba4dc00000,0x000000ba4dd00000)]
  0x000001f3963a3000 JavaThread "Unconstrained build operations Thread 34" [_thread_blocked, id=13208, stack(0x000000ba4dd00000,0x000000ba4de00000)]
  0x000001f3963a8800 JavaThread "Unconstrained build operations Thread 35" [_thread_blocked, id=8228, stack(0x000000ba4de00000,0x000000ba4df00000)]
  0x000001f3963a9800 JavaThread "Unconstrained build operations Thread 36" [_thread_blocked, id=8264, stack(0x000000ba4df00000,0x000000ba4e000000)]
  0x000001f3963a3800 JavaThread "Unconstrained build operations Thread 37" [_thread_blocked, id=6920, stack(0x000000ba4e000000,0x000000ba4e100000)]
  0x000001f3963aa800 JavaThread "Unconstrained build operations Thread 38" [_thread_blocked, id=3372, stack(0x000000ba4e100000,0x000000ba4e200000)]
  0x000001f3963a4800 JavaThread "Unconstrained build operations Thread 39" [_thread_blocked, id=10936, stack(0x000000ba4e200000,0x000000ba4e300000)]
  0x000001f3963ae800 JavaThread "Unconstrained build operations Thread 40" [_thread_blocked, id=9092, stack(0x000000ba4e300000,0x000000ba4e400000)]
  0x000001f3963b0000 JavaThread "Unconstrained build operations Thread 41" [_thread_blocked, id=9296, stack(0x000000ba4e400000,0x000000ba4e500000)]
  0x000001f3963ad800 JavaThread "Unconstrained build operations Thread 42" [_thread_blocked, id=9812, stack(0x000000ba4e500000,0x000000ba4e600000)]
  0x000001f3963af000 JavaThread "Unconstrained build operations Thread 43" [_thread_blocked, id=9212, stack(0x000000ba4e600000,0x000000ba4e700000)]
  0x000001f3963ab000 JavaThread "Unconstrained build operations Thread 44" [_thread_blocked, id=3904, stack(0x000000ba4e700000,0x000000ba4e800000)]
  0x000001f3963ac000 JavaThread "Unconstrained build operations Thread 45" [_thread_blocked, id=10440, stack(0x000000ba4e800000,0x000000ba4e900000)]
  0x000001f3963ac800 JavaThread "Unconstrained build operations Thread 46" [_thread_blocked, id=1212, stack(0x000000ba4e900000,0x000000ba4ea00000)]
  0x000001f394f62000 JavaThread "Unconstrained build operations Thread 47" [_thread_blocked, id=7648, stack(0x000000ba4ea00000,0x000000ba4eb00000)]
  0x000001f394f5f000 JavaThread "Unconstrained build operations Thread 48" [_thread_blocked, id=6900, stack(0x000000ba4eb00000,0x000000ba4ec00000)]
  0x000001f394f5f800 JavaThread "Unconstrained build operations Thread 49" [_thread_blocked, id=4300, stack(0x000000ba4ec00000,0x000000ba4ed00000)]
  0x000001f394f61800 JavaThread "Unconstrained build operations Thread 50" [_thread_blocked, id=5600, stack(0x000000ba4ed00000,0x000000ba4ee00000)]
  0x000001f394f63000 JavaThread "Unconstrained build operations Thread 51" [_thread_blocked, id=7428, stack(0x000000ba4ee00000,0x000000ba4ef00000)]
  0x000001f394f5d800 JavaThread "Unconstrained build operations Thread 52" [_thread_blocked, id=2832, stack(0x000000ba4ef00000,0x000000ba4f000000)]
  0x000001f394f64000 JavaThread "Unconstrained build operations Thread 53" [_thread_blocked, id=3592, stack(0x000000ba4f000000,0x000000ba4f100000)]
  0x000001f394f5e000 JavaThread "Unconstrained build operations Thread 54" [_thread_blocked, id=12920, stack(0x000000ba4f100000,0x000000ba4f200000)]
  0x000001f394f64800 JavaThread "Unconstrained build operations Thread 55" [_thread_blocked, id=4732, stack(0x000000ba4f200000,0x000000ba4f300000)]
  0x000001f394f65800 JavaThread "Unconstrained build operations Thread 56" [_thread_blocked, id=4360, stack(0x000000ba4f300000,0x000000ba4f400000)]
  0x000001f394f66800 JavaThread "Unconstrained build operations Thread 57" [_thread_blocked, id=11672, stack(0x000000ba4f400000,0x000000ba4f500000)]
  0x000001f394f60800 JavaThread "Unconstrained build operations Thread 58" [_thread_blocked, id=11488, stack(0x000000ba4f500000,0x000000ba4f600000)]
  0x000001f394f6c000 JavaThread "Unconstrained build operations Thread 59" [_thread_blocked, id=912, stack(0x000000ba4f600000,0x000000ba4f700000)]
  0x000001f394f68000 JavaThread "Unconstrained build operations Thread 60" [_thread_blocked, id=10524, stack(0x000000ba4f700000,0x000000ba4f800000)]
  0x000001f394f67000 JavaThread "Unconstrained build operations Thread 61" [_thread_blocked, id=4624, stack(0x000000ba4f800000,0x000000ba4f900000)]
  0x000001f394f68800 JavaThread "Unconstrained build operations Thread 62" [_thread_blocked, id=5880, stack(0x000000ba4f900000,0x000000ba4fa00000)]
  0x000001f394f6b000 JavaThread "Unconstrained build operations Thread 63" [_thread_blocked, id=12584, stack(0x000000ba4fa00000,0x000000ba4fb00000)]
  0x000001f394f69800 JavaThread "Unconstrained build operations Thread 64" [_thread_blocked, id=11200, stack(0x000000ba4fb00000,0x000000ba4fc00000)]
  0x000001f394f6a800 JavaThread "Unconstrained build operations Thread 65" [_thread_blocked, id=6300, stack(0x000000ba4fc00000,0x000000ba4fd00000)]
  0x000001f393700000 JavaThread "Unconstrained build operations Thread 66" [_thread_blocked, id=12752, stack(0x000000ba4fd00000,0x000000ba4fe00000)]
  0x000001f393703000 JavaThread "Unconstrained build operations Thread 67" [_thread_blocked, id=8920, stack(0x000000ba4fe00000,0x000000ba4ff00000)]
  0x000001f393702800 JavaThread "Unconstrained build operations Thread 68" [_thread_blocked, id=3100, stack(0x000000ba4ff00000,0x000000ba50000000)]
  0x000001f393705000 JavaThread "Unconstrained build operations Thread 69" [_thread_blocked, id=11896, stack(0x000000ba50000000,0x000000ba50100000)]
  0x000001f3936ff000 JavaThread "Unconstrained build operations Thread 70" [_thread_blocked, id=1128, stack(0x000000ba50100000,0x000000ba50200000)]
  0x000001f393706800 JavaThread "Unconstrained build operations Thread 71" [_thread_blocked, id=3684, stack(0x000000ba50200000,0x000000ba50300000)]
  0x000001f393704000 JavaThread "Unconstrained build operations Thread 72" [_thread_blocked, id=7884, stack(0x000000ba50300000,0x000000ba50400000)]
  0x000001f393705800 JavaThread "Unconstrained build operations Thread 73" [_thread_blocked, id=3972, stack(0x000000ba50400000,0x000000ba50500000)]
  0x000001f393700800 JavaThread "Unconstrained build operations Thread 74" [_thread_blocked, id=5308, stack(0x000000ba50500000,0x000000ba50600000)]
  0x000001f393707800 JavaThread "Unconstrained build operations Thread 75" [_thread_blocked, id=6824, stack(0x000000ba50600000,0x000000ba50700000)]
  0x000001f393701800 JavaThread "Unconstrained build operations Thread 76" [_thread_blocked, id=1556, stack(0x000000ba50700000,0x000000ba50800000)]
  0x000001f393708000 JavaThread "Unconstrained build operations Thread 77" [_thread_blocked, id=7628, stack(0x000000ba50800000,0x000000ba50900000)]
  0x000001f39370d000 JavaThread "Unconstrained build operations Thread 78" [_thread_blocked, id=7580, stack(0x000000ba50900000,0x000000ba50a00000)]
  0x000001f393709000 JavaThread "Unconstrained build operations Thread 79" [_thread_blocked, id=9744, stack(0x000000ba50a00000,0x000000ba50b00000)]
  0x000001f393709800 JavaThread "Unconstrained build operations Thread 80" [_thread_blocked, id=6728, stack(0x000000ba50b00000,0x000000ba50c00000)]
  0x000001f39370c000 JavaThread "jar transforms Thread 4" [_thread_blocked, id=13124, stack(0x000000ba50c00000,0x000000ba50d00000)]
  0x000001f39370a800 JavaThread "jar transforms Thread 5" [_thread_blocked, id=6772, stack(0x000000ba50d00000,0x000000ba50e00000)]
  0x000001f39370b800 JavaThread "jar transforms Thread 6" [_thread_blocked, id=6888, stack(0x000000ba50e00000,0x000000ba50f00000)]
  0x000001f39370e000 JavaThread "jar transforms Thread 7" [_thread_blocked, id=5088, stack(0x000000ba50f00000,0x000000ba51000000)]
  0x000001f395bbb000 JavaThread "jar transforms Thread 8" [_thread_blocked, id=8072, stack(0x000000ba51000000,0x000000ba51100000)]
  0x000001f395bbd800 JavaThread "Memory manager" [_thread_blocked, id=9208, stack(0x000000ba51100000,0x000000ba51200000)]

Other Threads:
=>0x000001f3ffd87800 VMThread "VM Thread" [stack: 0x000000ba48d00000,0x000000ba48e00000] [id=4340]
  0x000001f38f9e3000 WatcherThread [stack: 0x000000ba49700000,0x000000ba49800000] [id=12812]
  0x000001f3f5c41000 GCTaskThread "GC Thread#0" [stack: 0x000000ba48800000,0x000000ba48900000] [id=10564]
  0x000001f3904cf000 GCTaskThread "GC Thread#1" [stack: 0x000000ba49900000,0x000000ba49a00000] [id=7812]
  0x000001f390601000 GCTaskThread "GC Thread#2" [stack: 0x000000ba49a00000,0x000000ba49b00000] [id=12540]
  0x000001f3921e9000 GCTaskThread "GC Thread#3" [stack: 0x000000ba4a500000,0x000000ba4a600000] [id=12472]
  0x000001f3921ea000 GCTaskThread "GC Thread#4" [stack: 0x000000ba4a600000,0x000000ba4a700000] [id=4500]
  0x000001f391a3c000 GCTaskThread "GC Thread#5" [stack: 0x000000ba4a700000,0x000000ba4a800000] [id=2404]
  0x000001f391a3c800 GCTaskThread "GC Thread#6" [stack: 0x000000ba4a800000,0x000000ba4a900000] [id=4404]
  0x000001f3918d7000 GCTaskThread "GC Thread#7" [stack: 0x000000ba4a900000,0x000000ba4aa00000] [id=7008]
  0x000001f3f5c67000 ConcurrentGCThread "G1 Main Marker" [stack: 0x000000ba48900000,0x000000ba48a00000] [id=5904]
  0x000001f3f5c69000 ConcurrentGCThread "G1 Conc#0" [stack: 0x000000ba48a00000,0x000000ba48b00000] [id=760]
  0x000001f3918da800 ConcurrentGCThread "G1 Conc#1" [stack: 0x000000ba4ad00000,0x000000ba4ae00000] [id=7348]
  0x000001f3ffbf0800 ConcurrentGCThread "G1 Refine#0" [stack: 0x000000ba48b00000,0x000000ba48c00000] [id=8260]
  0x000001f3ffbf1800 ConcurrentGCThread "G1 Young RemSet Sampling" [stack: 0x000000ba48c00000,0x000000ba48d00000] [id=9660]

Threads with active compile tasks:
C2 CompilerThread0   6990 6966 %     4       org.gradle.internal.instantiation.generator.AbstractClassGenerator::inspectType @ 77 (560 bytes)
C2 CompilerThread1   6990 7048   !   4       com.sun.beans.TypeResolver::resolve (261 bytes)

VM state:at safepoint (normal execution)

VM Mutex/Monitor currently owned by a thread:  ([mutex/lock_event])
[0x000001f3f3aea1c0] Threads_lock - owner thread: 0x000001f3ffd87800
[0x000001f3f3aeb960] Heap_lock - owner thread: 0x000001f390e16000

Heap address: 0x00000000a0000000, size: 1536 MB, Compressed Oops mode: 32-bit
Narrow klass base: 0x0000000000000000, Narrow klass shift: 3
Compressed class space size: 1073741824 Address: 0x0000000100000000

Heap:
 garbage-first heap   total 189440K, used 63814K [0x00000000a0000000, 0x0000000100000000)
  region size 1024K, 8 young (8192K), 8 survivors (8192K)
 Metaspace       used 75127K, capacity 76862K, committed 77048K, reserved 1116160K
  class space    used 9756K, capacity 10406K, committed 10496K, reserved 1048576K
Heap Regions: E=young(eden), S=young(survivor), O=old, HS=humongous(starts), HC=humongous(continues), CS=collection set, F=free, A=archive, TAMS=top-at-mark-start (previous, next)
|   0|0x00000000a0000000, 0x00000000a0100000, 0x00000000a0100000|100%| O|  |TAMS 0x00000000a0100000, 0x00000000a0000000| Untracked 
|   1|0x00000000a0100000, 0x00000000a0200000, 0x00000000a0200000|100%| O|  |TAMS 0x00000000a0200000, 0x00000000a0100000| Untracked 
|   2|0x00000000a0200000, 0x00000000a0300000, 0x00000000a0300000|100%| O|  |TAMS 0x00000000a0300000, 0x00000000a0200000| Untracked 
|   3|0x00000000a0300000, 0x00000000a0400000, 0x00000000a0400000|100%|HS|  |TAMS 0x00000000a0400000, 0x00000000a0300000| Complete 
|   4|0x00000000a0400000, 0x00000000a0500000, 0x00000000a0500000|100%|HC|  |TAMS 0x00000000a0500000, 0x00000000a0400000| Complete 
|   5|0x00000000a0500000, 0x00000000a0600000, 0x00000000a0600000|100%|HC|  |TAMS 0x00000000a0600000, 0x00000000a0500000| Complete 
|   6|0x00000000a0600000, 0x00000000a0700000, 0x00000000a0700000|100%| O|  |TAMS 0x00000000a0700000, 0x00000000a0600000| Untracked 
|   7|0x00000000a0700000, 0x00000000a0800000, 0x00000000a0800000|100%| O|  |TAMS 0x00000000a0800000, 0x00000000a0700000| Untracked 
|   8|0x00000000a0800000, 0x00000000a0900000, 0x00000000a0900000|100%| O|  |TAMS 0x00000000a0900000, 0x00000000a0800000| Untracked 
|   9|0x00000000a0900000, 0x00000000a0a00000, 0x00000000a0a00000|100%| O|  |TAMS 0x00000000a0a00000, 0x00000000a0900000| Untracked 
|  10|0x00000000a0a00000, 0x00000000a0b00000, 0x00000000a0b00000|100%| O|  |TAMS 0x00000000a0b00000, 0x00000000a0a00000| Untracked 
|  11|0x00000000a0b00000, 0x00000000a0c00000, 0x00000000a0c00000|100%| O|  |TAMS 0x00000000a0c00000, 0x00000000a0b00000| Untracked 
|  12|0x00000000a0c00000, 0x00000000a0d00000, 0x00000000a0d00000|100%| O|  |TAMS 0x00000000a0d00000, 0x00000000a0c00000| Untracked 
|  13|0x00000000a0d00000, 0x00000000a0e00000, 0x00000000a0e00000|100%| O|  |TAMS 0x00000000a0e00000, 0x00000000a0d00000| Untracked 
|  14|0x00000000a0e00000, 0x00000000a0f00000, 0x00000000a0f00000|100%| O|  |TAMS 0x00000000a0f00000, 0x00000000a0e00000| Untracked 
|  15|0x00000000a0f00000, 0x00000000a1000000, 0x00000000a1000000|100%| O|  |TAMS 0x00000000a1000000, 0x00000000a0f00000| Untracked 
|  16|0x00000000a1000000, 0x00000000a1100000, 0x00000000a1100000|100%|HS|  |TAMS 0x00000000a1100000, 0x00000000a1000000| Complete 
|  17|0x00000000a1100000, 0x00000000a1200000, 0x00000000a1200000|100%| O|  |TAMS 0x00000000a1200000, 0x00000000a1100000| Untracked 
|  18|0x00000000a1200000, 0x00000000a1300000, 0x00000000a1300000|100%| O|  |TAMS 0x00000000a1300000, 0x00000000a1200000| Untracked 
|  19|0x00000000a1300000, 0x00000000a1400000, 0x00000000a1400000|100%| O|  |TAMS 0x00000000a1400000, 0x00000000a1300000| Untracked 
|  20|0x00000000a1400000, 0x00000000a1500000, 0x00000000a1500000|100%| O|  |TAMS 0x00000000a1500000, 0x00000000a1400000| Untracked 
|  21|0x00000000a1500000, 0x00000000a1600000, 0x00000000a1600000|100%| O|  |TAMS 0x00000000a1600000, 0x00000000a1500000| Untracked 
|  22|0x00000000a1600000, 0x00000000a1700000, 0x00000000a1700000|100%| O|  |TAMS 0x00000000a1700000, 0x00000000a1600000| Untracked 
|  23|0x00000000a1700000, 0x00000000a1800000, 0x00000000a1800000|100%|HS|  |TAMS 0x00000000a1800000, 0x00000000a1700000| Complete 
|  24|0x00000000a1800000, 0x00000000a1900000, 0x00000000a1900000|100%|HS|  |TAMS 0x00000000a1900000, 0x00000000a1800000| Complete 
|  25|0x00000000a1900000, 0x00000000a1a00000, 0x00000000a1a00000|100%|HC|  |TAMS 0x00000000a1a00000, 0x00000000a1900000| Complete 
|  26|0x00000000a1a00000, 0x00000000a1b00000, 0x00000000a1b00000|100%|HC|  |TAMS 0x00000000a1b00000, 0x00000000a1a00000| Complete 
|  27|0x00000000a1b00000, 0x00000000a1c00000, 0x00000000a1c00000|100%|HS|  |TAMS 0x00000000a1c00000, 0x00000000a1b00000| Complete 
|  28|0x00000000a1c00000, 0x00000000a1d00000, 0x00000000a1d00000|100%|HC|  |TAMS 0x00000000a1d00000, 0x00000000a1c00000| Complete 
|  29|0x00000000a1d00000, 0x00000000a1e00000, 0x00000000a1e00000|100%| O|  |TAMS 0x00000000a1e00000, 0x00000000a1d00000| Untracked 
|  30|0x00000000a1e00000, 0x00000000a1f00000, 0x00000000a1f00000|100%| O|  |TAMS 0x00000000a1f00000, 0x00000000a1e00000| Untracked 
|  31|0x00000000a1f00000, 0x00000000a2000000, 0x00000000a2000000|100%| O|  |TAMS 0x00000000a2000000, 0x00000000a1f00000| Untracked 
|  32|0x00000000a2000000, 0x00000000a2100000, 0x00000000a2100000|100%| O|  |TAMS 0x00000000a2100000, 0x00000000a2000000| Untracked 
|  33|0x00000000a2100000, 0x00000000a2200000, 0x00000000a2200000|100%| O|  |TAMS 0x00000000a2200000, 0x00000000a2100000| Untracked 
|  34|0x00000000a2200000, 0x00000000a2300000, 0x00000000a2300000|100%| O|  |TAMS 0x00000000a2300000, 0x00000000a2200000| Untracked 
|  35|0x00000000a2300000, 0x00000000a2400000, 0x00000000a2400000|100%| O|  |TAMS 0x00000000a2400000, 0x00000000a2300000| Untracked 
|  36|0x00000000a2400000, 0x00000000a2500000, 0x00000000a2500000|100%| O|  |TAMS 0x00000000a2500000, 0x00000000a2400000| Untracked 
|  37|0x00000000a2500000, 0x00000000a2600000, 0x00000000a2600000|100%| O|  |TAMS 0x00000000a2600000, 0x00000000a2500000| Untracked 
|  38|0x00000000a2600000, 0x00000000a2700000, 0x00000000a2700000|100%| O|  |TAMS 0x00000000a2700000, 0x00000000a2600000| Untracked 
|  39|0x00000000a2700000, 0x00000000a2800000, 0x00000000a2800000|100%| O|  |TAMS 0x00000000a2800000, 0x00000000a2700000| Untracked 
|  40|0x00000000a2800000, 0x00000000a2900000, 0x00000000a2900000|100%| O|  |TAMS 0x00000000a2900000, 0x00000000a2800000| Untracked 
|  41|0x00000000a2900000, 0x00000000a2a00000, 0x00000000a2a00000|100%| O|  |TAMS 0x00000000a2a00000, 0x00000000a2900000| Untracked 
|  42|0x00000000a2a00000, 0x00000000a2b00000, 0x00000000a2b00000|100%| O|  |TAMS 0x00000000a2b00000, 0x00000000a2a00000| Untracked 
|  43|0x00000000a2b00000, 0x00000000a2c00000, 0x00000000a2c00000|100%| O|  |TAMS 0x00000000a2c00000, 0x00000000a2b00000| Untracked 
|  44|0x00000000a2c00000, 0x00000000a2d00000, 0x00000000a2d00000|100%| O|  |TAMS 0x00000000a2d00000, 0x00000000a2c00000| Untracked 
|  45|0x00000000a2d00000, 0x00000000a2e00000, 0x00000000a2e00000|100%| O|  |TAMS 0x00000000a2e00000, 0x00000000a2d00000| Untracked 
|  46|0x00000000a2e00000, 0x00000000a2f00000, 0x00000000a2f00000|100%| O|  |TAMS 0x00000000a2f00000, 0x00000000a2e00000| Untracked 
|  47|0x00000000a2f00000, 0x00000000a3000000, 0x00000000a3000000|100%| O|  |TAMS 0x00000000a2f92a00, 0x00000000a2f00000| Untracked 
|  48|0x00000000a3000000, 0x00000000a3100000, 0x00000000a3100000|100%| O|  |TAMS 0x00000000a3000000, 0x00000000a3000000| Untracked 
|  49|0x00000000a3100000, 0x00000000a3200000, 0x00000000a3200000|100%| O|  |TAMS 0x00000000a3100000, 0x00000000a3100000| Untracked 
|  50|0x00000000a3200000, 0x00000000a3300000, 0x00000000a3300000|100%| O|  |TAMS 0x00000000a3200000, 0x00000000a3200000| Untracked 
|  51|0x00000000a3300000, 0x00000000a3400000, 0x00000000a3400000|100%| O|  |TAMS 0x00000000a3300000, 0x00000000a3300000| Untracked 
|  52|0x00000000a3400000, 0x00000000a3500000, 0x00000000a3500000|100%| O|  |TAMS 0x00000000a3400000, 0x00000000a3400000| Untracked 
|  53|0x00000000a3500000, 0x00000000a3600000, 0x00000000a3600000|100%| O|  |TAMS 0x00000000a3500000, 0x00000000a3500000| Untracked 
|  54|0x00000000a3600000, 0x00000000a3683000, 0x00000000a3700000| 51%| O|  |TAMS 0x00000000a3600000, 0x00000000a3600000| Untracked 
|  55|0x00000000a3700000, 0x00000000a3700000, 0x00000000a3800000|  0%| F|  |TAMS 0x00000000a3700000, 0x00000000a3700000| Untracked 
|  56|0x00000000a3800000, 0x00000000a3800000, 0x00000000a3900000|  0%| F|  |TAMS 0x00000000a3800000, 0x00000000a3800000| Untracked 
|  57|0x00000000a3900000, 0x00000000a3900000, 0x00000000a3a00000|  0%| F|  |TAMS 0x00000000a3900000, 0x00000000a3900000| Untracked 
|  58|0x00000000a3a00000, 0x00000000a3a00000, 0x00000000a3b00000|  0%| F|  |TAMS 0x00000000a3a00000, 0x00000000a3a00000| Untracked 
|  59|0x00000000a3b00000, 0x00000000a3b00000, 0x00000000a3c00000|  0%| F|  |TAMS 0x00000000a3b00000, 0x00000000a3b00000| Untracked 
|  60|0x00000000a3c00000, 0x00000000a3c00000, 0x00000000a3d00000|  0%| F|  |TAMS 0x00000000a3c00000, 0x00000000a3c00000| Untracked 
|  61|0x00000000a3d00000, 0x00000000a3d00000, 0x00000000a3e00000|  0%| F|  |TAMS 0x00000000a3d00000, 0x00000000a3d00000| Untracked 
|  62|0x00000000a3e00000, 0x00000000a3e00000, 0x00000000a3f00000|  0%| F|  |TAMS 0x00000000a3e00000, 0x00000000a3e00000| Untracked 
|  63|0x00000000a3f00000, 0x00000000a3f00000, 0x00000000a4000000|  0%| F|  |TAMS 0x00000000a3f00000, 0x00000000a3f00000| Untracked 
|  64|0x00000000a4000000, 0x00000000a4000000, 0x00000000a4100000|  0%| F|  |TAMS 0x00000000a4000000, 0x00000000a4000000| Untracked 
|  65|0x00000000a4100000, 0x00000000a4100000, 0x00000000a4200000|  0%| F|  |TAMS 0x00000000a4100000, 0x00000000a4100000| Untracked 
|  66|0x00000000a4200000, 0x00000000a4200000, 0x00000000a4300000|  0%| F|  |TAMS 0x00000000a4200000, 0x00000000a4200000| Untracked 
|  67|0x00000000a4300000, 0x00000000a4300000, 0x00000000a4400000|  0%| F|  |TAMS 0x00000000a4300000, 0x00000000a4300000| Untracked 
|  68|0x00000000a4400000, 0x00000000a4400000, 0x00000000a4500000|  0%| F|  |TAMS 0x00000000a4400000, 0x00000000a4400000| Untracked 
|  69|0x00000000a4500000, 0x00000000a4500000, 0x00000000a4600000|  0%| F|  |TAMS 0x00000000a4500000, 0x00000000a4500000| Untracked 
|  70|0x00000000a4600000, 0x00000000a4600000, 0x00000000a4700000|  0%| F|  |TAMS 0x00000000a4600000, 0x00000000a4600000| Untracked 
|  71|0x00000000a4700000, 0x00000000a4700000, 0x00000000a4800000|  0%| F|  |TAMS 0x00000000a4700000, 0x00000000a4700000| Untracked 
|  72|0x00000000a4800000, 0x00000000a4800000, 0x00000000a4900000|  0%| F|  |TAMS 0x00000000a4800000, 0x00000000a4800000| Untracked 
|  73|0x00000000a4900000, 0x00000000a4900000, 0x00000000a4a00000|  0%| F|  |TAMS 0x00000000a4900000, 0x00000000a4900000| Untracked 
|  74|0x00000000a4a00000, 0x00000000a4a00000, 0x00000000a4b00000|  0%| F|  |TAMS 0x00000000a4a00000, 0x00000000a4a00000| Untracked 
|  75|0x00000000a4b00000, 0x00000000a4b00000, 0x00000000a4c00000|  0%| F|  |TAMS 0x00000000a4b00000, 0x00000000a4b00000| Untracked 
|  76|0x00000000a4c00000, 0x00000000a4c00000, 0x00000000a4d00000|  0%| F|  |TAMS 0x00000000a4c00000, 0x00000000a4c00000| Untracked 
|  77|0x00000000a4d00000, 0x00000000a4d00000, 0x00000000a4e00000|  0%| F|  |TAMS 0x00000000a4d00000, 0x00000000a4d00000| Untracked 
|  78|0x00000000a4e00000, 0x00000000a4e00000, 0x00000000a4f00000|  0%| F|  |TAMS 0x00000000a4e00000, 0x00000000a4e00000| Untracked 
|  79|0x00000000a4f00000, 0x00000000a4f00000, 0x00000000a5000000|  0%| F|  |TAMS 0x00000000a4f00000, 0x00000000a4f00000| Untracked 
|  80|0x00000000a5000000, 0x00000000a5000000, 0x00000000a5100000|  0%| F|  |TAMS 0x00000000a5000000, 0x00000000a5000000| Untracked 
|  81|0x00000000a5100000, 0x00000000a51ce870, 0x00000000a5200000| 80%| S|CS|TAMS 0x00000000a5100000, 0x00000000a5100000| Complete 
|  82|0x00000000a5200000, 0x00000000a5300000, 0x00000000a5300000|100%| S|CS|TAMS 0x00000000a5200000, 0x00000000a5200000| Complete 
|  83|0x00000000a5300000, 0x00000000a5400000, 0x00000000a5400000|100%| S|CS|TAMS 0x00000000a5300000, 0x00000000a5300000| Complete 
|  84|0x00000000a5400000, 0x00000000a5500000, 0x00000000a5500000|100%| S|CS|TAMS 0x00000000a5400000, 0x00000000a5400000| Complete 
|  85|0x00000000a5500000, 0x00000000a5600000, 0x00000000a5600000|100%| S|CS|TAMS 0x00000000a5500000, 0x00000000a5500000| Complete 
|  86|0x00000000a5600000, 0x00000000a5700000, 0x00000000a5700000|100%| S|CS|TAMS 0x00000000a5600000, 0x00000000a5600000| Complete 
|  87|0x00000000a5700000, 0x00000000a5800000, 0x00000000a5800000|100%| S|CS|TAMS 0x00000000a5700000, 0x00000000a5700000| Complete 
|  88|0x00000000a5800000, 0x00000000a5800000, 0x00000000a5900000|  0%| F|  |TAMS 0x00000000a5800000, 0x00000000a5800000| Untracked 
|  89|0x00000000a5900000, 0x00000000a5900000, 0x00000000a5a00000|  0%| F|  |TAMS 0x00000000a5900000, 0x00000000a5900000| Untracked 
|  90|0x00000000a5a00000, 0x00000000a5a00000, 0x00000000a5b00000|  0%| F|  |TAMS 0x00000000a5a00000, 0x00000000a5a00000| Untracked 
|  91|0x00000000a5b00000, 0x00000000a5b00000, 0x00000000a5c00000|  0%| F|  |TAMS 0x00000000a5b00000, 0x00000000a5b00000| Untracked 
|  92|0x00000000a5c00000, 0x00000000a5c00000, 0x00000000a5d00000|  0%| F|  |TAMS 0x00000000a5c00000, 0x00000000a5c00000| Untracked 
|  93|0x00000000a5d00000, 0x00000000a5e00000, 0x00000000a5e00000|100%| S|CS|TAMS 0x00000000a5d00000, 0x00000000a5d00000| Complete 
|  94|0x00000000a5e00000, 0x00000000a5e00000, 0x00000000a5f00000|  0%| F|  |TAMS 0x00000000a5e00000, 0x00000000a5e00000| Untracked 
|  95|0x00000000a5f00000, 0x00000000a5f00000, 0x00000000a6000000|  0%| F|  |TAMS 0x00000000a5f00000, 0x00000000a5f00000| Untracked 
|  96|0x00000000a6000000, 0x00000000a6000000, 0x00000000a6100000|  0%| F|  |TAMS 0x00000000a6000000, 0x00000000a6000000| Untracked 
|  97|0x00000000a6100000, 0x00000000a6100000, 0x00000000a6200000|  0%| F|  |TAMS 0x00000000a6100000, 0x00000000a6100000| Untracked 
|  98|0x00000000a6200000, 0x00000000a6200000, 0x00000000a6300000|  0%| F|  |TAMS 0x00000000a6200000, 0x00000000a6200000| Untracked 
|  99|0x00000000a6300000, 0x00000000a6300000, 0x00000000a6400000|  0%| F|  |TAMS 0x00000000a6300000, 0x00000000a6300000| Untracked 
| 100|0x00000000a6400000, 0x00000000a6400000, 0x00000000a6500000|  0%| F|  |TAMS 0x00000000a6400000, 0x00000000a6400000| Untracked 
| 101|0x00000000a6500000, 0x00000000a6500000, 0x00000000a6600000|  0%| F|  |TAMS 0x00000000a6500000, 0x00000000a6500000| Untracked 
| 102|0x00000000a6600000, 0x00000000a6600000, 0x00000000a6700000|  0%| F|  |TAMS 0x00000000a6600000, 0x00000000a6600000| Untracked 
| 103|0x00000000a6700000, 0x00000000a6700000, 0x00000000a6800000|  0%| F|  |TAMS 0x00000000a6700000, 0x00000000a6700000| Untracked 
| 104|0x00000000a6800000, 0x00000000a6800000, 0x00000000a6900000|  0%| F|  |TAMS 0x00000000a6800000, 0x00000000a6800000| Untracked 
| 105|0x00000000a6900000, 0x00000000a6900000, 0x00000000a6a00000|  0%| F|  |TAMS 0x00000000a6900000, 0x00000000a6900000| Untracked 
| 106|0x00000000a6a00000, 0x00000000a6a00000, 0x00000000a6b00000|  0%| F|  |TAMS 0x00000000a6a00000, 0x00000000a6a00000| Untracked 
| 107|0x00000000a6b00000, 0x00000000a6b00000, 0x00000000a6c00000|  0%| F|  |TAMS 0x00000000a6b00000, 0x00000000a6b00000| Untracked 
| 108|0x00000000a6c00000, 0x00000000a6c00000, 0x00000000a6d00000|  0%| F|  |TAMS 0x00000000a6c00000, 0x00000000a6c00000| Untracked 
| 109|0x00000000a6d00000, 0x00000000a6d00000, 0x00000000a6e00000|  0%| F|  |TAMS 0x00000000a6d00000, 0x00000000a6d00000| Untracked 
| 110|0x00000000a6e00000, 0x00000000a6e00000, 0x00000000a6f00000|  0%| F|  |TAMS 0x00000000a6e00000, 0x00000000a6e00000| Untracked 
| 111|0x00000000a6f00000, 0x00000000a6f00000, 0x00000000a7000000|  0%| F|  |TAMS 0x00000000a6f00000, 0x00000000a6f00000| Untracked 
| 112|0x00000000a7000000, 0x00000000a7000000, 0x00000000a7100000|  0%| F|  |TAMS 0x00000000a7000000, 0x00000000a7000000| Untracked 
| 113|0x00000000a7100000, 0x00000000a7100000, 0x00000000a7200000|  0%| F|  |TAMS 0x00000000a7100000, 0x00000000a7100000| Untracked 
| 114|0x00000000a7200000, 0x00000000a7200000, 0x00000000a7300000|  0%| F|  |TAMS 0x00000000a7200000, 0x00000000a7200000| Untracked 
| 115|0x00000000a7300000, 0x00000000a7300000, 0x00000000a7400000|  0%| F|  |TAMS 0x00000000a7300000, 0x00000000a7300000| Untracked 
| 116|0x00000000a7400000, 0x00000000a7400000, 0x00000000a7500000|  0%| F|  |TAMS 0x00000000a7400000, 0x00000000a7400000| Untracked 
| 117|0x00000000a7500000, 0x00000000a7500000, 0x00000000a7600000|  0%| F|  |TAMS 0x00000000a7500000, 0x00000000a7500000| Untracked 
| 118|0x00000000a7600000, 0x00000000a7600000, 0x00000000a7700000|  0%| F|  |TAMS 0x00000000a7600000, 0x00000000a7600000| Untracked 
| 119|0x00000000a7700000, 0x00000000a7700000, 0x00000000a7800000|  0%| F|  |TAMS 0x00000000a7700000, 0x00000000a7700000| Untracked 
| 120|0x00000000a7800000, 0x00000000a7800000, 0x00000000a7900000|  0%| F|  |TAMS 0x00000000a7800000, 0x00000000a7800000| Untracked 
| 121|0x00000000a7900000, 0x00000000a7900000, 0x00000000a7a00000|  0%| F|  |TAMS 0x00000000a7900000, 0x00000000a7900000| Untracked 
| 122|0x00000000a7a00000, 0x00000000a7a00000, 0x00000000a7b00000|  0%| F|  |TAMS 0x00000000a7a00000, 0x00000000a7a00000| Untracked 
| 123|0x00000000a7b00000, 0x00000000a7b00000, 0x00000000a7c00000|  0%| F|  |TAMS 0x00000000a7b00000, 0x00000000a7b00000| Untracked 
| 124|0x00000000a7c00000, 0x00000000a7c00000, 0x00000000a7d00000|  0%| F|  |TAMS 0x00000000a7c00000, 0x00000000a7c00000| Untracked 
| 125|0x00000000a7d00000, 0x00000000a7d00000, 0x00000000a7e00000|  0%| F|  |TAMS 0x00000000a7d00000, 0x00000000a7d00000| Untracked 
| 126|0x00000000a7e00000, 0x00000000a7e00000, 0x00000000a7f00000|  0%| F|  |TAMS 0x00000000a7e00000, 0x00000000a7e00000| Untracked 
| 127|0x00000000a7f00000, 0x00000000a7f00000, 0x00000000a8000000|  0%| F|  |TAMS 0x00000000a7f00000, 0x00000000a7f00000| Untracked 
| 128|0x00000000a8000000, 0x00000000a8000000, 0x00000000a8100000|  0%| F|  |TAMS 0x00000000a8000000, 0x00000000a8000000| Untracked 
| 129|0x00000000a8100000, 0x00000000a8100000, 0x00000000a8200000|  0%| F|  |TAMS 0x00000000a8100000, 0x00000000a8100000| Untracked 
| 130|0x00000000a8200000, 0x00000000a8200000, 0x00000000a8300000|  0%| F|  |TAMS 0x00000000a8200000, 0x00000000a8200000| Untracked 
| 131|0x00000000a8300000, 0x00000000a8300000, 0x00000000a8400000|  0%| F|  |TAMS 0x00000000a8300000, 0x00000000a8300000| Untracked 
| 132|0x00000000a8400000, 0x00000000a8400000, 0x00000000a8500000|  0%| F|  |TAMS 0x00000000a8400000, 0x00000000a8400000| Untracked 
| 133|0x00000000a8500000, 0x00000000a8500000, 0x00000000a8600000|  0%| F|  |TAMS 0x00000000a8500000, 0x00000000a8500000| Untracked 
| 134|0x00000000a8600000, 0x00000000a8600000, 0x00000000a8700000|  0%| F|  |TAMS 0x00000000a8600000, 0x00000000a8600000| Untracked 
| 135|0x00000000a8700000, 0x00000000a8700000, 0x00000000a8800000|  0%| F|  |TAMS 0x00000000a8700000, 0x00000000a8700000| Untracked 
| 136|0x00000000a8800000, 0x00000000a8800000, 0x00000000a8900000|  0%| F|  |TAMS 0x00000000a8800000, 0x00000000a8800000| Untracked 
| 137|0x00000000a8900000, 0x00000000a8900000, 0x00000000a8a00000|  0%| F|  |TAMS 0x00000000a8900000, 0x00000000a8900000| Untracked 
| 138|0x00000000a8a00000, 0x00000000a8a00000, 0x00000000a8b00000|  0%| F|  |TAMS 0x00000000a8a00000, 0x00000000a8a00000| Untracked 
| 139|0x00000000a8b00000, 0x00000000a8b00000, 0x00000000a8c00000|  0%| F|  |TAMS 0x00000000a8b00000, 0x00000000a8b00000| Untracked 
| 140|0x00000000a8c00000, 0x00000000a8c00000, 0x00000000a8d00000|  0%| F|  |TAMS 0x00000000a8c00000, 0x00000000a8c00000| Untracked 
| 141|0x00000000a8d00000, 0x00000000a8d00000, 0x00000000a8e00000|  0%| F|  |TAMS 0x00000000a8d00000, 0x00000000a8d00000| Untracked 
| 142|0x00000000a8e00000, 0x00000000a8e00000, 0x00000000a8f00000|  0%| F|  |TAMS 0x00000000a8e00000, 0x00000000a8e00000| Untracked 
| 143|0x00000000a8f00000, 0x00000000a8f00000, 0x00000000a9000000|  0%| F|  |TAMS 0x00000000a8f00000, 0x00000000a8f00000| Untracked 
| 144|0x00000000a9000000, 0x00000000a9000000, 0x00000000a9100000|  0%| F|  |TAMS 0x00000000a9000000, 0x00000000a9000000| Untracked 
| 145|0x00000000a9100000, 0x00000000a9100000, 0x00000000a9200000|  0%| F|  |TAMS 0x00000000a9100000, 0x00000000a9100000| Untracked 
| 146|0x00000000a9200000, 0x00000000a9200000, 0x00000000a9300000|  0%| F|  |TAMS 0x00000000a9200000, 0x00000000a9200000| Untracked 
| 147|0x00000000a9300000, 0x00000000a9300000, 0x00000000a9400000|  0%| F|  |TAMS 0x00000000a9300000, 0x00000000a9300000| Untracked 
| 148|0x00000000a9400000, 0x00000000a9400000, 0x00000000a9500000|  0%| F|  |TAMS 0x00000000a9400000, 0x00000000a9400000| Untracked 
| 149|0x00000000a9500000, 0x00000000a9500000, 0x00000000a9600000|  0%| F|  |TAMS 0x00000000a9500000, 0x00000000a9500000| Untracked 
| 150|0x00000000a9600000, 0x00000000a9600000, 0x00000000a9700000|  0%| F|  |TAMS 0x00000000a9600000, 0x00000000a9600000| Untracked 
| 151|0x00000000a9700000, 0x00000000a9700000, 0x00000000a9800000|  0%| F|  |TAMS 0x00000000a9700000, 0x00000000a9700000| Untracked 
| 152|0x00000000a9800000, 0x00000000a9800000, 0x00000000a9900000|  0%| F|  |TAMS 0x00000000a9800000, 0x00000000a9800000| Untracked 
| 153|0x00000000a9900000, 0x00000000a9900000, 0x00000000a9a00000|  0%| F|  |TAMS 0x00000000a9900000, 0x00000000a9900000| Untracked 

Card table byte_map: [0x000001f3f9d60000,0x000001f3fa060000] _byte_map_base: 0x000001f3f9860000

Marking Bits (Prev, Next): (CMBitMap*) 0x000001f3f5c5ff48, (CMBitMap*) 0x000001f3f5c5ff80
 Prev Bits: [0x000001f3fa360000, 0x000001f3fbb60000)
 Next Bits: [0x000001f3fbb60000, 0x000001f3fd360000)

Polling page: 0x000001f3f5400000

Metaspace:

Usage:
  Non-class:     64.90 MB capacity,    63.84 MB ( 98%) used,   904.62 KB (  1%) free+waste,   179.81 KB ( <1%) overhead. 
      Class:     10.16 MB capacity,     9.53 MB ( 94%) used,   566.57 KB (  5%) free+waste,    83.13 KB ( <1%) overhead. 
       Both:     75.06 MB capacity,    73.37 MB ( 98%) used,     1.44 MB (  2%) free+waste,   262.94 KB ( <1%) overhead. 

Virtual space:
  Non-class space:       66.00 MB reserved,      64.99 MB ( 98%) committed 
      Class space:        1.00 GB reserved,      10.25 MB (  1%) committed 
             Both:        1.06 GB reserved,      75.24 MB (  7%) committed 

Chunk freelists:
   Non-Class:  32.00 KB
       Class:  26.00 KB
        Both:  58.00 KB

MaxMetaspaceSize: 17179869184.00 GB
CompressedClassSpaceSize: 1.00 GB
Initial GC threshold: 20.80 MB
Current GC threshold: 108.11 MB
CDS: off

CodeHeap 'non-profiled nmethods': size=120000Kb used=4634Kb max_used=4634Kb free=115365Kb
 bounds [0x000001f387ad0000, 0x000001f387f60000, 0x000001f38f000000]
CodeHeap 'profiled nmethods': size=120000Kb used=15485Kb max_used=15485Kb free=104514Kb
 bounds [0x000001f3805a0000, 0x000001f3814c0000, 0x000001f387ad0000]
CodeHeap 'non-nmethods': size=5760Kb used=2356Kb max_used=2403Kb free=3403Kb
 bounds [0x000001f380000000, 0x000001f380270000, 0x000001f3805a0000]
 total_blobs=8093 nmethods=7228 adapters=777
 compilation: enabled
              stopped_count=0, restarted_count=0
 full_count=0

Compilation events (20 events):
Event: 6.924 Thread 0x000001f38f84c800 nmethod 7244 0x000001f3814bcf10 code [0x000001f3814bd0c0, 0x000001f3814bd288]
Event: 6.924 Thread 0x000001f38f84c800 7245       3       java.util.concurrent.atomic.AtomicInteger::<init> (10 bytes)
Event: 6.924 Thread 0x000001f38f84c800 nmethod 7245 0x000001f3814bd390 code [0x000001f3814bd540, 0x000001f3814bd6f8]
Event: 6.924 Thread 0x000001f38f84c800 7246       3       org.gradle.api.internal.attributes.DefaultMutableAttributeContainer::asImmutable (51 bytes)
Event: 6.924 Thread 0x000001f38f84c800 nmethod 7246 0x000001f3814bd810 code [0x000001f3814bda00, 0x000001f3814bdde8]
Event: 6.930 Thread 0x000001f3933d1800 nmethod 7222 0x000001f387f55590 code [0x000001f387f55760, 0x000001f387f55a38]
Event: 6.955 Thread 0x000001f3933d1800 7247       4       java.lang.AbstractStringBuilder::appendChars (133 bytes)
Event: 6.955 Thread 0x000001f38f84c800 7248       3       java.util.Formatter$FixedString::<init> (26 bytes)
Event: 6.955 Thread 0x000001f38f84c800 nmethod 7248 0x000001f3814bdf10 code [0x000001f3814be0c0, 0x000001f3814be2d8]
Event: 6.955 Thread 0x000001f38f84c800 7249       3       java.util.Formatter$FixedString::print (26 bytes)
Event: 6.955 Thread 0x000001f38f84c800 nmethod 7249 0x000001f3814be390 code [0x000001f3814be540, 0x000001f3814be708]
Event: 6.955 Thread 0x000001f38f84c800 7250       3       java.lang.StringBuilder::append (8 bytes)
Event: 6.956 Thread 0x000001f38f84c800 nmethod 7250 0x000001f3814be810 code [0x000001f3814be9e0, 0x000001f3814beb88]
Event: 6.956 Thread 0x000001f38f84c800 7251       3       java.util.Formatter$Conversion::isGeneral (64 bytes)
Event: 6.956 Thread 0x000001f38f84c800 nmethod 7251 0x000001f3814bec90 code [0x000001f3814bee40, 0x000001f3814bf018]
Event: 6.960 Thread 0x000001f38f84c800 7252       3       java.util.Formatter::ensureOpen (16 bytes)
Event: 6.960 Thread 0x000001f38f84c800 nmethod 7252 0x000001f3814bf090 code [0x000001f3814bf260, 0x000001f3814bf408]
Event: 6.961 Thread 0x000001f3933d1800 nmethod 7247 0x000001f387f55e10 code [0x000001f387f55fe0, 0x000001f387f56408]
Event: 6.968 Thread 0x000001f38f84c800 7253       1       java.lang.NamedPackage::packageName (5 bytes)
Event: 6.968 Thread 0x000001f38f84c800 nmethod 7253 0x000001f387f56610 code [0x000001f387f567c0, 0x000001f387f56878]

GC Heap History (20 events):
Event: 1.689 GC heap after
{Heap after GC invocations=4 (full 0):
 garbage-first heap   total 131072K, used 17444K [0x00000000a0000000, 0x0000000100000000)
  region size 1024K, 2 young (2048K), 2 survivors (2048K)
 Metaspace       used 20647K, capacity 21081K, committed 21248K, reserved 1067008K
  class space    used 2546K, capacity 2712K, committed 2816K, reserved 1048576K
}
Event: 2.078 GC heap before
{Heap before GC invocations=5 (full 0):
 garbage-first heap   total 131072K, used 71716K [0x00000000a0000000, 0x0000000100000000)
  region size 1024K, 55 young (56320K), 2 survivors (2048K)
 Metaspace       used 26551K, capacity 27115K, committed 27264K, reserved 1073152K
  class space    used 3468K, capacity 3670K, committed 3712K, reserved 1048576K
}
Event: 2.081 GC heap after
{Heap after GC invocations=6 (full 0):
 garbage-first heap   total 131072K, used 19273K [0x00000000a0000000, 0x0000000100000000)
  region size 1024K, 4 young (4096K), 4 survivors (4096K)
 Metaspace       used 26551K, capacity 27115K, committed 27264K, reserved 1073152K
  class space    used 3468K, capacity 3670K, committed 3712K, reserved 1048576K
}
Event: 2.611 GC heap before
{Heap before GC invocations=6 (full 0):
 garbage-first heap   total 131072K, used 76617K [0x00000000a0000000, 0x0000000100000000)
  region size 1024K, 61 young (62464K), 4 survivors (4096K)
 Metaspace       used 34882K, capacity 35726K, committed 35840K, reserved 1081344K
  class space    used 4533K, capacity 4839K, committed 4864K, reserved 1048576K
}
Event: 2.621 GC heap after
{Heap after GC invocations=7 (full 0):
 garbage-first heap   total 131072K, used 22312K [0x00000000a0000000, 0x0000000100000000)
  region size 1024K, 6 young (6144K), 6 survivors (6144K)
 Metaspace       used 34882K, capacity 35726K, committed 35840K, reserved 1081344K
  class space    used 4533K, capacity 4839K, committed 4864K, reserved 1048576K
}
Event: 3.302 GC heap before
{Heap before GC invocations=8 (full 0):
 garbage-first heap   total 131072K, used 96040K [0x00000000a0000000, 0x0000000100000000)
  region size 1024K, 76 young (77824K), 6 survivors (6144K)
 Metaspace       used 41827K, capacity 42819K, committed 43008K, reserved 1087488K
  class space    used 5417K, capacity 5764K, committed 5888K, reserved 1048576K
}
Event: 3.310 GC heap after
{Heap after GC invocations=9 (full 0):
 garbage-first heap   total 131072K, used 27252K [0x00000000a0000000, 0x0000000100000000)
  region size 1024K, 10 young (10240K), 10 survivors (10240K)
 Metaspace       used 41827K, capacity 42819K, committed 43008K, reserved 1087488K
  class space    used 5417K, capacity 5764K, committed 5888K, reserved 1048576K
}
Event: 3.722 GC heap before
{Heap before GC invocations=9 (full 0):
 garbage-first heap   total 131072K, used 93812K [0x00000000a0000000, 0x0000000100000000)
  region size 1024K, 74 young (75776K), 10 survivors (10240K)
 Metaspace       used 46050K, capacity 47181K, committed 47360K, reserved 1089536K
  class space    used 5948K, capacity 6368K, committed 6400K, reserved 1048576K
}
Event: 3.732 GC heap after
{Heap after GC invocations=10 (full 0):
 garbage-first heap   total 157696K, used 30381K [0x00000000a0000000, 0x0000000100000000)
  region size 1024K, 9 young (9216K), 9 survivors (9216K)
 Metaspace       used 46050K, capacity 47181K, committed 47360K, reserved 1089536K
  class space    used 5948K, capacity 6368K, committed 6400K, reserved 1048576K
}
Event: 4.355 GC heap before
{Heap before GC invocations=10 (full 0):
 garbage-first heap   total 157696K, used 111277K [0x00000000a0000000, 0x0000000100000000)
  region size 1024K, 82 young (83968K), 9 survivors (9216K)
 Metaspace       used 48946K, capacity 50372K, committed 50560K, reserved 1093632K
  class space    used 6277K, capacity 6749K, committed 6784K, reserved 1048576K
}
Event: 4.364 GC heap after
{Heap after GC invocations=11 (full 0):
 garbage-first heap   total 157696K, used 48128K [0x00000000a0000000, 0x0000000100000000)
  region size 1024K, 11 young (11264K), 11 survivors (11264K)
 Metaspace       used 48946K, capacity 50372K, committed 50560K, reserved 1093632K
  class space    used 6277K, capacity 6749K, committed 6784K, reserved 1048576K
}
Event: 4.934 GC heap before
{Heap before GC invocations=11 (full 0):
 garbage-first heap   total 157696K, used 115712K [0x00000000a0000000, 0x0000000100000000)
  region size 1024K, 77 young (78848K), 11 survivors (11264K)
 Metaspace       used 57823K, capacity 59332K, committed 59392K, reserved 1101824K
  class space    used 7387K, capacity 7924K, committed 7936K, reserved 1048576K
}
Event: 4.941 GC heap after
{Heap after GC invocations=12 (full 0):
 garbage-first heap   total 157696K, used 51523K [0x00000000a0000000, 0x0000000100000000)
  region size 1024K, 3 young (3072K), 3 survivors (3072K)
 Metaspace       used 57823K, capacity 59332K, committed 59392K, reserved 1101824K
  class space    used 7387K, capacity 7924K, committed 7936K, reserved 1048576K
}
Event: 4.949 GC heap before
{Heap before GC invocations=12 (full 0):
 garbage-first heap   total 157696K, used 51523K [0x00000000a0000000, 0x0000000100000000)
  region size 1024K, 4 young (4096K), 3 survivors (3072K)
 Metaspace       used 58120K, capacity 59659K, committed 59904K, reserved 1101824K
  class space    used 7418K, capacity 7925K, committed 7936K, reserved 1048576K
}
Event: 4.952 GC heap after
{Heap after GC invocations=13 (full 0):
 garbage-first heap   total 157696K, used 51101K [0x00000000a0000000, 0x0000000100000000)
  region size 1024K, 3 young (3072K), 3 survivors (3072K)
 Metaspace       used 58120K, capacity 59659K, committed 59904K, reserved 1101824K
  class space    used 7418K, capacity 7925K, committed 7936K, reserved 1048576K
}
Event: 5.672 GC heap before
{Heap before GC invocations=14 (full 0):
 garbage-first heap   total 157696K, used 117661K [0x00000000a0000000, 0x0000000100000000)
  region size 1024K, 68 young (69632K), 3 survivors (3072K)
 Metaspace       used 64455K, capacity 66012K, committed 66168K, reserved 1105920K
  class space    used 8198K, capacity 8772K, committed 8832K, reserved 1048576K
}
Event: 5.686 GC heap after
{Heap after GC invocations=15 (full 0):
 garbage-first heap   total 157696K, used 57135K [0x00000000a0000000, 0x0000000100000000)
  region size 1024K, 9 young (9216K), 9 survivors (9216K)
 Metaspace       used 64455K, capacity 66012K, committed 66168K, reserved 1105920K
  class space    used 8198K, capacity 8772K, committed 8832K, reserved 1048576K
}
Event: 6.318 GC heap before
{Heap before GC invocations=16 (full 0):
 garbage-first heap   total 157696K, used 119599K [0x00000000a0000000, 0x0000000100000000)
  region size 1024K, 70 young (71680K), 9 survivors (9216K)
 Metaspace       used 67572K, capacity 69208K, committed 69368K, reserved 1110016K
  class space    used 8606K, capacity 9170K, committed 9216K, reserved 1048576K
}
Event: 6.328 GC heap after
{Heap after GC invocations=17 (full 0):
 garbage-first heap   total 157696K, used 60555K [0x00000000a0000000, 0x0000000100000000)
  region size 1024K, 5 young (5120K), 5 survivors (5120K)
 Metaspace       used 67572K, capacity 69208K, committed 69368K, reserved 1110016K
  class space    used 8606K, capacity 9170K, committed 9216K, reserved 1048576K
}
Event: 6.970 GC heap before
{Heap before GC invocations=17 (full 0):
 garbage-first heap   total 157696K, used 121995K [0x00000000a0000000, 0x0000000100000000)
  region size 1024K, 65 young (66560K), 5 survivors (5120K)
 Metaspace       used 75127K, capacity 76862K, committed 77048K, reserved 1116160K
  class space    used 9756K, capacity 10406K, committed 10496K, reserved 1048576K
}

Deoptimization events (20 events):
Event: 6.800 Thread 0x000001f390e16000 DEOPT PACKING pc=0x000001f380a33b79 sp=0x000000ba4a1f8930
Event: 6.800 Thread 0x000001f390e16000 DEOPT UNPACKING pc=0x000001f38004a95e sp=0x000000ba4a1f7df8 mode 0
Event: 6.830 Thread 0x000001f390e16000 DEOPT PACKING pc=0x000001f3811f4427 sp=0x000000ba4a1f8c50
Event: 6.830 Thread 0x000001f390e16000 DEOPT UNPACKING pc=0x000001f38004a95e sp=0x000000ba4a1f8100 mode 0
Event: 6.890 Thread 0x000001f390e16000 DEOPT PACKING pc=0x000001f3810785e3 sp=0x000000ba4a1f8060
Event: 6.890 Thread 0x000001f390e16000 DEOPT UNPACKING pc=0x000001f38004a95e sp=0x000000ba4a1f7510 mode 0
Event: 6.890 Thread 0x000001f390e16000 DEOPT PACKING pc=0x000001f3810785e3 sp=0x000000ba4a1f8060
Event: 6.890 Thread 0x000001f390e16000 DEOPT UNPACKING pc=0x000001f38004a95e sp=0x000000ba4a1f7510 mode 0
Event: 6.890 Thread 0x000001f390e16000 DEOPT PACKING pc=0x000001f3810785e3 sp=0x000000ba4a1f8060
Event: 6.890 Thread 0x000001f390e16000 DEOPT UNPACKING pc=0x000001f38004a95e sp=0x000000ba4a1f7510 mode 0
Event: 6.891 Thread 0x000001f390e16000 DEOPT PACKING pc=0x000001f3810785e3 sp=0x000000ba4a1f8060
Event: 6.891 Thread 0x000001f390e16000 DEOPT UNPACKING pc=0x000001f38004a95e sp=0x000000ba4a1f7510 mode 0
Event: 6.891 Thread 0x000001f390e16000 DEOPT PACKING pc=0x000001f3810785e3 sp=0x000000ba4a1f8060
Event: 6.891 Thread 0x000001f390e16000 DEOPT UNPACKING pc=0x000001f38004a95e sp=0x000000ba4a1f7510 mode 0
Event: 6.891 Thread 0x000001f390e16000 DEOPT PACKING pc=0x000001f3810785e3 sp=0x000000ba4a1f8060
Event: 6.891 Thread 0x000001f390e16000 DEOPT UNPACKING pc=0x000001f38004a95e sp=0x000000ba4a1f7510 mode 0
Event: 6.960 Thread 0x000001f390e16000 Uncommon trap: trap_request=0xffffff4d fr.pc=0x000001f387da1c08 relative=0x0000000000001b68
Event: 6.960 Thread 0x000001f390e16000 Uncommon trap: reason=unstable_if action=reinterpret pc=0x000001f387da1c08 method=sun.nio.fs.WindowsPathParser.normalize(Ljava/lang/StringBuilder;Ljava/lang/String;I)Ljava/lang/String; @ 172 c2
Event: 6.960 Thread 0x000001f390e16000 DEOPT PACKING pc=0x000001f387da1c08 sp=0x000000ba4a1f6030
Event: 6.960 Thread 0x000001f390e16000 DEOPT UNPACKING pc=0x000001f38004a1af sp=0x000000ba4a1f6020 mode 2

Classes redefined (0 events):
No events

Internal exceptions (20 events):
Event: 6.147 Thread 0x000001f390e16000 Exception <a 'java/lang/ClassNotFoundException'{0x00000000a6b3fa60}: org/jetbrains/kotlin/gradle/dsl/KotlinJvmOptionsImplBeanInfo> (0x00000000a6b3fa60) thrown at [./src/hotspot/share/classfile/systemDictionary.cpp, line 231]
Event: 6.148 Thread 0x000001f390e16000 Exception <a 'java/lang/ClassNotFoundException'{0x00000000a6b5b1e0}: org/jetbrains/kotlin/gradle/dsl/KotlinJvmOptionsBaseBeanInfo> (0x00000000a6b5b1e0) thrown at [./src/hotspot/share/classfile/systemDictionary.cpp, line 231]
Event: 6.148 Thread 0x000001f390e16000 Exception <a 'java/lang/ClassNotFoundException'{0x00000000a6b76b68}: org/jetbrains/kotlin/gradle/dsl/KotlinJvmOptionsBaseCustomizer> (0x00000000a6b76b68) thrown at [./src/hotspot/share/classfile/systemDictionary.cpp, line 231]
Event: 6.149 Thread 0x000001f390e16000 Exception <a 'java/lang/ClassNotFoundException'{0x00000000a6ba5a28}: org/jetbrains/kotlin/gradle/dsl/KotlinJvmOptionsImplCustomizer> (0x00000000a6ba5a28) thrown at [./src/hotspot/share/classfile/systemDictionary.cpp, line 231]
Event: 6.161 Thread 0x000001f390e16000 Exception <a 'java/lang/ClassNotFoundException'{0x00000000a694f9e8}: org/gradle/api/internal/file/collections/DefaultConfigurableFileTreeBeanInfo> (0x00000000a694f9e8) thrown at [./src/hotspot/share/classfile/systemDictionary.cpp, line 231]
Event: 6.163 Thread 0x000001f390e16000 Exception <a 'java/lang/ClassNotFoundException'{0x00000000a6981410}: org/gradle/api/internal/file/CompositeFileTreeBeanInfo> (0x00000000a6981410) thrown at [./src/hotspot/share/classfile/systemDictionary.cpp, line 231]
Event: 6.164 Thread 0x000001f390e16000 Exception <a 'java/lang/ClassNotFoundException'{0x00000000a69b5128}: org/gradle/api/internal/file/CompositeFileCollectionBeanInfo> (0x00000000a69b5128) thrown at [./src/hotspot/share/classfile/systemDictionary.cpp, line 231]
Event: 6.164 Thread 0x000001f390e16000 Exception <a 'java/lang/ClassNotFoundException'{0x00000000a69e8e40}: org/gradle/api/internal/file/AbstractFileCollectionBeanInfo> (0x00000000a69e8e40) thrown at [./src/hotspot/share/classfile/systemDictionary.cpp, line 231]
Event: 6.165 Thread 0x000001f390e16000 Exception <a 'java/lang/ClassNotFoundException'{0x00000000a681d130}: org/gradle/api/internal/file/AbstractFileCollectionCustomizer> (0x00000000a681d130) thrown at [./src/hotspot/share/classfile/systemDictionary.cpp, line 231]
Event: 6.166 Thread 0x000001f390e16000 Exception <a 'java/lang/ClassNotFoundException'{0x00000000a6863000}: org/gradle/api/internal/file/CompositeFileCollectionCustomizer> (0x00000000a6863000) thrown at [./src/hotspot/share/classfile/systemDictionary.cpp, line 231]
Event: 6.167 Thread 0x000001f390e16000 Exception <a 'java/lang/ClassNotFoundException'{0x00000000a689d030}: org/gradle/api/internal/file/CompositeFileTreeCustomizer> (0x00000000a689d030) thrown at [./src/hotspot/share/classfile/systemDictionary.cpp, line 231]
Event: 6.168 Thread 0x000001f390e16000 Exception <a 'java/lang/ClassNotFoundException'{0x00000000a68e2800}: org/gradle/api/internal/file/collections/DefaultConfigurableFileTreeCustomizer> (0x00000000a68e2800) thrown at [./src/hotspot/share/classfile/systemDictionary.cpp, line 231]
Event: 6.714 Thread 0x000001f390e16000 Exception <a 'java/lang/ClassNotFoundException'{0x00000000a7800988}: com/android/build/gradle/internal/api/ApkVariantOutputImpl_DecoratedBeanInfo> (0x00000000a7800988) thrown at [./src/hotspot/share/classfile/systemDictionary.cpp, line 231]
Event: 6.714 Thread 0x000001f390e16000 Exception <a 'java/lang/ClassNotFoundException'{0x00000000a781bfc8}: com/android/build/gradle/internal/api/ApkVariantOutputImplBeanInfo> (0x00000000a781bfc8) thrown at [./src/hotspot/share/classfile/systemDictionary.cpp, line 231]
Event: 6.715 Thread 0x000001f390e16000 Exception <a 'java/lang/ClassNotFoundException'{0x00000000a7837ed8}: com/android/build/gradle/internal/api/BaseVariantOutputImplBeanInfo> (0x00000000a7837ed8) thrown at [./src/hotspot/share/classfile/systemDictionary.cpp, line 231]
Event: 6.715 Thread 0x000001f390e16000 Exception <a 'java/lang/ClassNotFoundException'{0x00000000a7853e50}: com/android/build/gradle/internal/api/BaseVariantOutputImplCustomizer> (0x00000000a7853e50) thrown at [./src/hotspot/share/classfile/systemDictionary.cpp, line 231]
Event: 6.716 Thread 0x000001f390e16000 Exception <a 'java/lang/ClassNotFoundException'{0x00000000a78826d8}: com/android/build/gradle/internal/api/ApkVariantOutputImplCustomizer> (0x00000000a78826d8) thrown at [./src/hotspot/share/classfile/systemDictionary.cpp, line 231]
Event: 6.716 Thread 0x000001f390e16000 Exception <a 'java/lang/ClassNotFoundException'{0x00000000a78ad310}: com/android/build/gradle/internal/api/ApkVariantOutputImpl_DecoratedCustomizer> (0x00000000a78ad310) thrown at [./src/hotspot/share/classfile/systemDictionary.cpp, line 231]
Event: 6.934 Thread 0x000001f390e16000 Exception <a 'sun/nio/fs/WindowsException'{0x00000000a625a628}> (0x00000000a625a628) thrown at [./src/hotspot/share/prims/jni.cpp, line 615]
Event: 6.935 Thread 0x000001f390e16000 Exception <a 'sun/nio/fs/WindowsException'{0x00000000a625aa00}> (0x00000000a625aa00) thrown at [./src/hotspot/share/prims/jni.cpp, line 615]

Events (20 events):
Event: 6.967 loading class com/android/repository/api/Channel done
Event: 6.967 loading class com/android/repository/impl/generated/v1/ChannelType
Event: 6.967 loading class com/android/repository/impl/generated/v1/ChannelType done
Event: 6.968 loading class com/android/repository/impl/meta/Archive
Event: 6.968 loading class com/android/repository/impl/meta/Archive done
Event: 6.968 loading class com/android/repository/impl/generated/v1/ArchiveType
Event: 6.968 loading class com/android/repository/impl/generated/v1/ArchiveType done
Event: 6.968 loading class com/android/repository/impl/generated/v2/ObjectFactory
Event: 6.968 loading class com/android/repository/impl/generated/v2/ObjectFactory done
Event: 6.969 loading class com/android/repository/impl/generated/v2/LicenseRefType
Event: 6.969 loading class com/android/repository/impl/generated/v2/LicenseRefType done
Event: 6.969 loading class com/android/repository/impl/generated/v2/RepositoryType
Event: 6.969 loading class com/android/repository/impl/generated/v2/RepositoryType done
Event: 6.969 loading class com/android/repository/impl/generated/v2/RemotePackage
Event: 6.969 loading class com/android/repository/impl/generated/v2/RemotePackage done
Event: 6.969 loading class com/android/repository/impl/generated/v2/DependenciesType
Event: 6.969 loading class com/android/repository/impl/generated/v2/DependenciesType done
Event: 6.969 loading class com/android/repository/impl/generated/v2/DependencyType
Event: 6.969 loading class com/android/repository/impl/generated/v2/DependencyType done
Event: 6.969 Executing VM operation: G1CollectForAllocation


Dynamic libraries:
0x00007ff752f70000 - 0x00007ff752f7a000 	C:\Program Files\Android\Android Studio\jre\bin\java.exe
0x00007ff974990000 - 0x00007ff974ba4000 	C:\WINDOWS\SYSTEM32\ntdll.dll
0x00007ff973f30000 - 0x00007ff973ff2000 	C:\WINDOWS\System32\KERNEL32.DLL
0x00007ff9722d0000 - 0x00007ff97266c000 	C:\WINDOWS\System32\KERNELBASE.dll
0x00007ff9721b0000 - 0x00007ff9722c1000 	C:\WINDOWS\System32\ucrtbase.dll
0x00007ff93a990000 - 0x00007ff93a9a9000 	C:\Program Files\Android\Android Studio\jre\bin\jli.dll
0x00007ff8ffbb0000 - 0x00007ff8ffbc7000 	C:\Program Files\Android\Android Studio\jre\bin\VCRUNTIME140.dll
0x00007ff974140000 - 0x00007ff9742ea000 	C:\WINDOWS\System32\USER32.dll
0x00007ff972180000 - 0x00007ff9721a6000 	C:\WINDOWS\System32\win32u.dll
0x00007ff960da0000 - 0x00007ff96102e000 	C:\WINDOWS\WinSxS\amd64_microsoft.windows.common-controls_6595b64144ccf1df_6.0.22621.436_none_a94247dbc10d8414\COMCTL32.dll
0x00007ff972880000 - 0x00007ff9728a9000 	C:\WINDOWS\System32\GDI32.dll
0x00007ff973210000 - 0x00007ff9732b7000 	C:\WINDOWS\System32\msvcrt.dll
0x00007ff972060000 - 0x00007ff972172000 	C:\WINDOWS\System32\gdi32full.dll
0x00007ff971e50000 - 0x00007ff971eea000 	C:\WINDOWS\System32\msvcp_win.dll
0x00007ff974580000 - 0x00007ff9745b1000 	C:\WINDOWS\System32\IMM32.DLL
0x00007ff8efdb0000 - 0x00007ff8efe4d000 	C:\Program Files\Android\Android Studio\jre\bin\msvcp140.dll
0x00007ff8f9d50000 - 0x00007ff8fa835000 	C:\Program Files\Android\Android Studio\jre\bin\server\jvm.dll
0x00007ff973410000 - 0x00007ff9734be000 	C:\WINDOWS\System32\ADVAPI32.dll
0x00007ff973160000 - 0x00007ff973204000 	C:\WINDOWS\System32\sechost.dll
0x00007ff974460000 - 0x00007ff974575000 	C:\WINDOWS\System32\RPCRT4.dll
0x00007ff972a80000 - 0x00007ff972a88000 	C:\WINDOWS\System32\PSAPI.DLL
0x00007ff96bba0000 - 0x00007ff96bbd4000 	C:\WINDOWS\SYSTEM32\WINMM.dll
0x00007ff96c650000 - 0x00007ff96c659000 	C:\WINDOWS\SYSTEM32\WSOCK32.dll
0x00007ff96bb70000 - 0x00007ff96bb7a000 	C:\WINDOWS\SYSTEM32\VERSION.dll
0x00007ff9730e0000 - 0x00007ff973151000 	C:\WINDOWS\System32\WS2_32.dll
0x00007ff970f40000 - 0x00007ff970f58000 	C:\WINDOWS\SYSTEM32\kernel.appcore.dll
0x00007ff95ece0000 - 0x00007ff95ecf1000 	C:\Program Files\Android\Android Studio\jre\bin\verify.dll
0x00007ff95a920000 - 0x00007ff95ab4e000 	C:\WINDOWS\SYSTEM32\DBGHELP.DLL
0x00007ff9745c0000 - 0x00007ff974949000 	C:\WINDOWS\System32\combase.dll
0x00007ff9727a0000 - 0x00007ff972877000 	C:\WINDOWS\System32\OLEAUT32.dll
0x00007ff95a740000 - 0x00007ff95a772000 	C:\WINDOWS\SYSTEM32\dbgcore.DLL
0x00007ff971dd0000 - 0x00007ff971e4b000 	C:\WINDOWS\System32\bcryptPrimitives.dll
0x00007ff95ecb0000 - 0x00007ff95ecd9000 	C:\Program Files\Android\Android Studio\jre\bin\java.dll
0x00007ff951a30000 - 0x00007ff951a3b000 	C:\Program Files\Android\Android Studio\jre\bin\jimage.dll
0x00007ff951a10000 - 0x00007ff951a28000 	C:\Program Files\Android\Android Studio\jre\bin\zip.dll
0x00007ff9736c0000 - 0x00007ff973e9d000 	C:\WINDOWS\System32\SHELL32.dll
0x00007ff96fe40000 - 0x00007ff9706f6000 	C:\WINDOWS\SYSTEM32\windows.storage.dll
0x00007ff96fd00000 - 0x00007ff96fe3d000 	C:\WINDOWS\SYSTEM32\wintypes.dll
0x00007ff972960000 - 0x00007ff972a51000 	C:\WINDOWS\System32\SHCORE.dll
0x00007ff9742f0000 - 0x00007ff97434e000 	C:\WINDOWS\System32\shlwapi.dll
0x00007ff971d00000 - 0x00007ff971d21000 	C:\WINDOWS\SYSTEM32\profapi.dll
0x00007ff9519f0000 - 0x00007ff951a0a000 	C:\Program Files\Android\Android Studio\jre\bin\net.dll
0x00007ff96b8c0000 - 0x00007ff96b9ef000 	C:\WINDOWS\SYSTEM32\WINHTTP.dll
0x00007ff9713a0000 - 0x00007ff971409000 	C:\WINDOWS\system32\mswsock.dll
0x00007ff9519d0000 - 0x00007ff9519e4000 	C:\Program Files\Android\Android Studio\jre\bin\nio.dll
0x00007ff9513b0000 - 0x00007ff9513d7000 	C:\Users\lenovo\.gradle\native\e1d6ef7f7dcc3fd88c89a11ec53ec762bb8ba0a96d01ffa2cd45eb1d1d8dd5c5\windows-amd64\native-platform.dll
0x00007ff93e330000 - 0x00007ff93e474000 	C:\Users\lenovo\.gradle\native\5664cfc778a61ccfe75a443a1ab52a65af34e5dc3c78e0209fed803814484fcb\windows-amd64\native-platform-file-events.dll
0x00007ff9519c0000 - 0x00007ff9519ca000 	C:\Program Files\Android\Android Studio\jre\bin\management.dll
0x00007ff9519b0000 - 0x00007ff9519bd000 	C:\Program Files\Android\Android Studio\jre\bin\management_ext.dll
0x00007ff9715e0000 - 0x00007ff9715fb000 	C:\WINDOWS\SYSTEM32\CRYPTSP.dll
0x00007ff970eb0000 - 0x00007ff970ee5000 	C:\WINDOWS\system32\rsaenh.dll
0x00007ff971490000 - 0x00007ff9714b8000 	C:\WINDOWS\SYSTEM32\USERENV.dll
0x00007ff9717a0000 - 0x00007ff9717c8000 	C:\WINDOWS\SYSTEM32\bcrypt.dll
0x00007ff971600000 - 0x00007ff97160c000 	C:\WINDOWS\SYSTEM32\CRYPTBASE.dll
0x00007ff9709c0000 - 0x00007ff9709ed000 	C:\WINDOWS\SYSTEM32\IPHLPAPI.DLL
0x00007ff973eb0000 - 0x00007ff973eb9000 	C:\WINDOWS\System32\NSI.dll
0x00007ff96bb80000 - 0x00007ff96bb99000 	C:\WINDOWS\SYSTEM32\dhcpcsvc6.DLL
0x00007ff96b8a0000 - 0x00007ff96b8bf000 	C:\WINDOWS\SYSTEM32\dhcpcsvc.DLL
0x00007ff970a30000 - 0x00007ff970b22000 	C:\WINDOWS\SYSTEM32\DNSAPI.dll

dbghelp: loaded successfully - version: 4.0.5 - missing functions: none
symbol engine: initialized successfully - sym options: 0x614 - pdb path: .;C:\Program Files\Android\Android Studio\jre\bin;C:\WINDOWS\SYSTEM32;C:\WINDOWS\WinSxS\amd64_microsoft.windows.common-controls_6595b64144ccf1df_6.0.22621.436_none_a94247dbc10d8414;C:\Program Files\Android\Android Studio\jre\bin\server;C:\Users\lenovo\.gradle\native\e1d6ef7f7dcc3fd88c89a11ec53ec762bb8ba0a96d01ffa2cd45eb1d1d8dd5c5\windows-amd64;C:\Users\lenovo\.gradle\native\5664cfc778a61ccfe75a443a1ab52a65af34e5dc3c78e0209fed803814484fcb\windows-amd64

VM Arguments:
jvm_args: --add-opens=java.base/java.util=ALL-UNNAMED --add-opens=java.base/java.lang=ALL-UNNAMED --add-opens=java.base/java.lang.invoke=ALL-UNNAMED --add-opens=java.base/java.util=ALL-UNNAMED --add-opens=java.prefs/java.util.prefs=ALL-UNNAMED --add-opens=java.prefs/java.util.prefs=ALL-UNNAMED --add-opens=java.base/java.nio.charset=ALL-UNNAMED --add-opens=java.base/java.net=ALL-UNNAMED --add-opens=java.base/java.util.concurrent.atomic=ALL-UNNAMED -Xmx1536m -Dfile.encoding=windows-1252 -Duser.country=IN -Duser.language=en -Duser.variant 
java_command: org.gradle.launcher.daemon.bootstrap.GradleDaemon 7.3.3
java_class_path (initial): C:\Users\lenovo\.gradle\wrapper\dists\gradle-7.3.3-all\4295vidhdd9hd3gbjyw1xqxpo\gradle-7.3.3\lib\gradle-launcher-7.3.3.jar
Launcher Type: SUN_STANDARD

[Global flags]
     intx CICompilerCount                          = 4                                         {product} {ergonomic}
     uint ConcGCThreads                            = 2                                         {product} {ergonomic}
     uint G1ConcRefinementThreads                  = 8                                         {product} {ergonomic}
   size_t G1HeapRegionSize                         = 1048576                                   {product} {ergonomic}
    uintx GCDrainStackTargetSize                   = 64                                        {product} {ergonomic}
   size_t InitialHeapSize                          = 134217728                                 {product} {ergonomic}
   size_t MarkStackSize                            = 4194304                                   {product} {ergonomic}
   size_t MaxHeapSize                              = 1610612736                                {product} {command line}
   size_t MaxNewSize                               = 965738496                                 {product} {ergonomic}
   size_t MinHeapDeltaBytes                        = 1048576                                   {product} {ergonomic}
    uintx NonNMethodCodeHeapSize                   = 5836300                                {pd product} {ergonomic}
    uintx NonProfiledCodeHeapSize                  = 122910970                              {pd product} {ergonomic}
    uintx ProfiledCodeHeapSize                     = 122910970                              {pd product} {ergonomic}
    uintx ReservedCodeCacheSize                    = 251658240                              {pd product} {ergonomic}
     bool SegmentedCodeCache                       = true                                      {product} {ergonomic}
     bool UseCompressedClassPointers               = true                                 {lp64_product} {ergonomic}
     bool UseCompressedOops                        = true                                 {lp64_product} {ergonomic}
     bool UseG1GC                                  = true                                      {product} {ergonomic}
     bool UseLargePagesIndividualAllocation        = false                                  {pd product} {ergonomic}

Logging:
Log output configuration:
 #0: stdout all=warning uptime,level,tags
 #1: stderr all=off uptime,level,tags

Environment Variables:
PATH=C:\oraclexe\app\oracle\product\10.2.0\server\bin;C:\Program Files\Common Files\Oracle\Java\javapath;C:\WINDOWS\system32;C:\WINDOWS;C:\WINDOWS\System32\Wbem;C:\WINDOWS\System32\WindowsPowerShell\v1.0\;C:\WINDOWS\System32\OpenSSH\;C:\Program Files\Git\cmd;C:\Users\lenovo\AppData\Local\Microsoft\WindowsApps;C:\Users\lenovo\AppData\Local\Programs\Microsoft VS Code\bin;C:\MinGW\bin;C:\Flex Windows\gcc\bin;C:\Flex Windows\Lex\bin;C:\Flex Windows\bison\bin;
USERNAME=lenovo
OS=Windows_NT
PROCESSOR_IDENTIFIER=Intel64 Family 6 Model 158 Stepping 10, GenuineIntel



---------------  S Y S T E M  ---------------

OS: Windows 10 , 64 bit Build 22621 (10.0.22621.598)
OS uptime: 0 days 1:38 hours

CPU:total 8 (initial active 8) (4 cores per cpu, 2 threads per core) family 6 model 158 stepping 10 microcode 0xde, cmov, cx8, fxsr, mmx, sse, sse2, sse3, ssse3, sse4.1, sse4.2, popcnt, avx, avx2, aes, clmul, erms, 3dnowpref, lzcnt, ht, tsc, tscinvbit, bmi1, bmi2, adx, fma

Memory: 4k page, system-wide physical 8066M (827M free)
TotalPageFile size 10922M (AvailPageFile size 9M)
current process WorkingSet (physical memory assigned to process): 390M, peak: 394M
current process commit charge ("private bytes"): 427M, peak: 460M

vm_info: OpenJDK 64-Bit Server VM (11.0.12+7-b1504.28-7817840) for windows-amd64 JRE (11.0.12+7-b1504.28-7817840), built on Oct 13 2021 22:12:33 by "builder" with MS VC++ 14.0 (VS2015)

END.
